<?xml version="1.0" encoding="UTF-8"?>
<!-- Generated by org.testng.reporters.JUnitReportReporter -->
<testsuite hostname="MAVCHN1121223" failures="1" tests="1" name="com.restassured.jsonschema.HamcrestMatcherJsonSchemaValidator" time="1.259" errors="0" timestamp="2023-12-18T22:14:27 IST" skipped="0">
  <testcase classname="com.restassured.jsonschema.HamcrestMatcherJsonSchemaValidator" name="validate" time="1.259">
    <failure message="
Expected: The content to match the given JSON schema.
error: object has missing required properties ([&quot;codework&quot;,&quot;job&quot;])
    level: &quot;error&quot;
    schema: {&quot;loadingURI&quot;:&quot;#&quot;,&quot;pointer&quot;:&quot;&quot;}
    instance: {&quot;pointer&quot;:&quot;&quot;}
    domain: &quot;validation&quot;
    keyword: &quot;required&quot;
    required: [&quot;codework&quot;,&quot;email&quot;,&quot;firstName&quot;,&quot;job&quot;,&quot;lastName&quot;,&quot;skills&quot;]
    missing: [&quot;codework&quot;,&quot;job&quot;]

     but: was &quot;{\n    \&quot;firstName\&quot;: \&quot;Naani\&quot;,\n    \&quot;lastName\&quot;: \&quot;Charan\&quot;,\n    \&quot;email\&quot;: \&quot;nanicharan@gmail.com\&quot;,\n    \&quot;skills\&quot;:[\&quot;Watering Plants\&quot;,\&quot;Taking Photos\&quot;]\n }&quot;" type="java.lang.AssertionError">
      <![CDATA[java.lang.AssertionError: 
Expected: The content to match the given JSON schema.
error: object has missing required properties (["codework","job"])
    level: "error"
    schema: {"loadingURI":"#","pointer":""}
    instance: {"pointer":""}
    domain: "validation"
    keyword: "required"
    required: ["codework","email","firstName","job","lastName","skills"]
    missing: ["codework","job"]

     but: was "{\n    \"firstName\": \"Naani\",\n    \"lastName\": \"Charan\",\n    \"email\": \"nanicharan@gmail.com\",\n    \"skills\":[\"Watering Plants\",\"Taking Photos\"]\n }"
at org.hamcrest.MatcherAssert.assertThat(MatcherAssert.java:20)
at org.hamcrest.MatcherAssert.assertThat(MatcherAssert.java:6)
at com.restassured.jsonschema.HamcrestMatcherJsonSchemaValidator.validate(HamcrestMatcherJsonSchemaValidator.java:22)
at java.base/jdk.internal.reflect.NativeMethodAccessorImpl.invoke0(Native Method)
at java.base/jdk.internal.reflect.NativeMethodAccessorImpl.invoke(NativeMethodAccessorImpl.java:77)
at java.base/jdk.internal.reflect.DelegatingMethodAccessorImpl.invoke(DelegatingMethodAccessorImpl.java:43)
at java.base/java.lang.reflect.Method.invoke(Method.java:568)
at org.testng.internal.invokers.MethodInvocationHelper.invokeMethod(MethodInvocationHelper.java:139)
at org.testng.internal.invokers.TestInvoker.invokeMethod(TestInvoker.java:664)
at org.testng.internal.invokers.TestInvoker.invokeTestMethod(TestInvoker.java:227)
at org.testng.internal.invokers.MethodRunner.runInSequence(MethodRunner.java:50)
at org.testng.internal.invokers.TestInvoker$MethodInvocationAgent.invoke(TestInvoker.java:957)
at org.testng.internal.invokers.TestInvoker.invokeTestMethods(TestInvoker.java:200)
at org.testng.internal.invokers.TestMethodWorker.invokeTestMethods(TestMethodWorker.java:148)
at org.testng.internal.invokers.TestMethodWorker.run(TestMethodWorker.java:128)
at java.base/java.util.ArrayList.forEach(ArrayList.java:1511)
at org.testng.TestRunner.privateRun(TestRunner.java:848)
at org.testng.TestRunner.run(TestRunner.java:621)
at org.testng.SuiteRunner.runTest(SuiteRunner.java:443)
at org.testng.SuiteRunner.runSequentially(SuiteRunner.java:437)
at org.testng.SuiteRunner.privateRun(SuiteRunner.java:397)
at org.testng.SuiteRunner.run(SuiteRunner.java:336)
at org.testng.SuiteRunnerWorker.runSuite(SuiteRunnerWorker.java:52)
at org.testng.SuiteRunnerWorker.run(SuiteRunnerWorker.java:95)
at org.testng.TestNG.runSuitesSequentially(TestNG.java:1280)
at org.testng.TestNG.runSuitesLocally(TestNG.java:1200)
at org.testng.TestNG.runSuites(TestNG.java:1114)
at org.testng.TestNG.run(TestNG.java:1082)
at org.testng.remote.AbstractRemoteTestNG.run(AbstractRemoteTestNG.java:115)
at org.testng.remote.RemoteTestNG.initAndRun(RemoteTestNG.java:251)
at org.testng.remote.RemoteTestNG.main(RemoteTestNG.java:77)
]]>
    </failure>
  </testcase> <!-- validate -->
</testsuite> <!-- com.restassured.jsonschema.HamcrestMatcherJsonSchemaValidator -->
